  天气数据获取DEMO.cpp
D:\vcworkspaces\天气数据获取DEMO\天气数据获取DEMO.cpp(56,8): warning C4267: “参数”: 从“size_t”转换到“int”，可能丢失数据
D:\vcworkspaces\天气数据获取DEMO\天气数据获取DEMO.cpp(57,54): warning C4819: 该文件包含不能在当前代码页(0)中表示的字符。请将该文件保存为 Unicode 格式以防止数据丢失
D:\vcworkspaces\天气数据获取DEMO\天气数据获取DEMO.cpp(64,63): warning C4819: 该文件包含不能在当前代码页(0)中表示的字符。请将该文件保存为 Unicode 格式以防止数据丢失
D:\vcworkspaces\天气数据获取DEMO\天气数据获取DEMO.cpp(95,5): warning C4996: 'sprintf': This function or variable may be unsafe. Consider using sprintf_s instead. To disable deprecation, use _CRT_SECURE_NO_WARNINGS. See online help for details.
D:\vcworkspaces\天气数据获取DEMO\天气数据获取DEMO.cpp(128,16): warning C4477: “printf”: 格式字符串“%d”需要类型“int”的参数，但可变参数 1 拥有了类型“int (__cdecl *)(void)”
D:\vcworkspaces\天气数据获取DEMO\天气数据获取DEMO.cpp(128,16): warning C4313: "printf": 格式字符串中的 "%d" 与类型为 "int (__cdecl *)(void)" 的参数 1 冲突
D:\vcworkspaces\天气数据获取DEMO\天气数据获取DEMO.cpp(112,33): warning C4996: 'inet_addr': Use inet_pton() or InetPton() instead or define _WINSOCK_DEPRECATED_NO_WARNINGS to disable deprecated API warnings
D:\vcworkspaces\天气数据获取DEMO\天气数据获取DEMO.cpp(115,24): warning C4996: 'gethostbyname': Use getaddrinfo() or GetAddrInfoW() instead or define _WINSOCK_DEPRECATED_NO_WARNINGS to disable deprecated API warnings
D:\vcworkspaces\天气数据获取DEMO\天气数据获取DEMO.cpp(190,16): warning C4996: 'fopen': This function or variable may be unsafe. Consider using fopen_s instead. To disable deprecation, use _CRT_SECURE_NO_WARNINGS. See online help for details.
D:\vcworkspaces\天气数据获取DEMO\天气数据获取DEMO.cpp(207,42): warning C4819: 该文件包含不能在当前代码页(0)中表示的字符。请将该文件保存为 Unicode 格式以防止数据丢失
D:\vcworkspaces\天气数据获取DEMO\天气数据获取DEMO.cpp(209,47): warning C4819: 该文件包含不能在当前代码页(0)中表示的字符。请将该文件保存为 Unicode 格式以防止数据丢失
D:\vcworkspaces\天气数据获取DEMO\天气数据获取DEMO.cpp(209,42): warning C4474: printf: 格式字符串中传递的参数太多
D:\vcworkspaces\天气数据获取DEMO\天气数据获取DEMO.cpp(209,42): message : 占位符和其参数预计 0 可变参数，但提供的却是 1 参数
D:\vcworkspaces\天气数据获取DEMO\天气数据获取DEMO.cpp(211,46): warning C4819: 该文件包含不能在当前代码页(0)中表示的字符。请将该文件保存为 Unicode 格式以防止数据丢失
D:\vcworkspaces\天气数据获取DEMO\天气数据获取DEMO.cpp(211,38): warning C4474: printf: 格式字符串中传递的参数太多
D:\vcworkspaces\天气数据获取DEMO\天气数据获取DEMO.cpp(211,38): message : 占位符和其参数预计 0 可变参数，但提供的却是 1 参数
D:\vcworkspaces\天气数据获取DEMO\天气数据获取DEMO.cpp(213,43): warning C4819: 该文件包含不能在当前代码页(0)中表示的字符。请将该文件保存为 Unicode 格式以防止数据丢失
D:\vcworkspaces\天气数据获取DEMO\天气数据获取DEMO.cpp(213,38): warning C4474: printf: 格式字符串中传递的参数太多
D:\vcworkspaces\天气数据获取DEMO\天气数据获取DEMO.cpp(213,38): message : 占位符和其参数预计 0 可变参数，但提供的却是 1 参数
    正在创建库 D:\vcworkspaces\天气数据获取DEMO\x64\Release\天气数据获取DEMO.lib 和对象 D:\vcworkspaces\天气数据获取DEMO\x64\Release\天气数据获取DEMO.exp
  0 of 131 functions ( 0.0%) were compiled, the rest were copied from previous compilation.
    0 functions were new in current compilation
    0 functions had inline decision re-evaluated but remain unchanged
LINK : warning LNK4232: 名称 天气数据获取DEMO.exe 包含非 ASCII 字符，在具有除 936 以外的 ANSI 代码页的系统上可能不能加载 DLL
  正在生成代码
  已完成代码的生成
  天气数据获取DEMO.vcxproj -> D:\vcworkspaces\天气数据获取DEMO\x64\Release\天气数据获取DEMO.exe
